<?xml version="1.0" encoding="UTF-8"?>
<!-- Generated by org.testng.reporters.JUnitReportReporter -->
<testsuite skipped="0" hostname="LAPTOP-BI0RJBFF" name="com.test.booking.runner.TestRunner" tests="1" failures="0" timestamp="2021-01-05T22:24:06 IST" time="21.150" errors="0">
  <testcase name="runScenario" time="21.150" classname="com.test.booking.runner.TestRunner"/>
  <system-out/>
</testsuite> <!-- com.test.booking.runner.TestRunner -->
